<?xml version="1.0" encoding="UTF-8"?>
<!-- Generated by org.testng.reporters.JUnitReportReporter -->
<testsuite skipped="0" hostname="TYSS-4F-065" name="generic.BaseTest" tests="1" failures="0" timestamp="10 Jul 2017 12:28:19 GMT" time="49.312" errors="0">
  <testcase name="openApplication" time="49.312" classname="generic.BaseTest"/>
</testsuite> <!-- generic.BaseTest -->
