<?xml version="1.0" encoding="UTF-8"?>
<!-- Generated by org.testng.reporters.JUnitReportReporter -->
<testsuite skipped="0" hostname="TYSS-4F-065" name="script.ClickonSignInLink" tests="2" failures="0" timestamp="12 Jul 2017 11:44:39 GMT" time="530.025" errors="0">
  <testcase name="testClickOnSignInLnk" time="389.371" classname="script.ClickonSignInLink"/>
  <testcase name="TestselectProduct" time="140.654" classname="script.ClickonSignInLink"/>
</testsuite> <!-- script.ClickonSignInLink -->
